15:04:08,989 DEBUG SQL:109 - insert into message (TEXT) values (?)
15:04:09,011 TRACE BasicBinder:81 - binding parameter [1] as [VARCHAR] - [Hello World with Hibernate & JPA Annotations]
15:04:24,307 DEBUG BasicTypeRegistry:146 - Adding type registration boolean -> org.hibernate.type.BooleanType@1a93a7ca
15:04:24,310 DEBUG BasicTypeRegistry:146 - Adding type registration boolean -> org.hibernate.type.BooleanType@1a93a7ca
15:04:24,313 DEBUG BasicTypeRegistry:146 - Adding type registration java.lang.Boolean -> org.hibernate.type.BooleanType@1a93a7ca
15:04:24,315 DEBUG BasicTypeRegistry:146 - Adding type registration numeric_boolean -> org.hibernate.type.NumericBooleanType@504bae78
15:04:24,317 DEBUG BasicTypeRegistry:146 - Adding type registration true_false -> org.hibernate.type.TrueFalseType@5fcfe4b2
15:04:24,318 DEBUG BasicTypeRegistry:146 - Adding type registration yes_no -> org.hibernate.type.YesNoType@53e25b76
15:04:24,321 DEBUG BasicTypeRegistry:146 - Adding type registration byte -> org.hibernate.type.ByteType@1b701da1
15:04:24,322 DEBUG BasicTypeRegistry:146 - Adding type registration byte -> org.hibernate.type.ByteType@1b701da1
15:04:24,322 DEBUG BasicTypeRegistry:146 - Adding type registration java.lang.Byte -> org.hibernate.type.ByteType@1b701da1
15:04:24,324 DEBUG BasicTypeRegistry:146 - Adding type registration character -> org.hibernate.type.CharacterType@368102c8
15:04:24,324 DEBUG BasicTypeRegistry:146 - Adding type registration char -> org.hibernate.type.CharacterType@368102c8
15:04:24,324 DEBUG BasicTypeRegistry:146 - Adding type registration java.lang.Character -> org.hibernate.type.CharacterType@368102c8
15:04:24,326 DEBUG BasicTypeRegistry:146 - Adding type registration short -> org.hibernate.type.ShortType@7dc5e7b4
15:04:24,327 DEBUG BasicTypeRegistry:146 - Adding type registration short -> org.hibernate.type.ShortType@7dc5e7b4
15:04:24,327 DEBUG BasicTypeRegistry:146 - Adding type registration java.lang.Short -> org.hibernate.type.ShortType@7dc5e7b4
15:04:24,328 DEBUG BasicTypeRegistry:146 - Adding type registration integer -> org.hibernate.type.IntegerType@6504e3b2
15:04:24,332 DEBUG BasicTypeRegistry:146 - Adding type registration int -> org.hibernate.type.IntegerType@6504e3b2
15:04:24,332 DEBUG BasicTypeRegistry:146 - Adding type registration java.lang.Integer -> org.hibernate.type.IntegerType@6504e3b2
15:04:24,336 DEBUG BasicTypeRegistry:146 - Adding type registration long -> org.hibernate.type.LongType@36aa7bc2
15:04:24,337 DEBUG BasicTypeRegistry:146 - Adding type registration long -> org.hibernate.type.LongType@36aa7bc2
15:04:24,337 DEBUG BasicTypeRegistry:146 - Adding type registration java.lang.Long -> org.hibernate.type.LongType@36aa7bc2
15:04:24,340 DEBUG BasicTypeRegistry:146 - Adding type registration float -> org.hibernate.type.FloatType@5d22bbb7
15:04:24,341 DEBUG BasicTypeRegistry:146 - Adding type registration float -> org.hibernate.type.FloatType@5d22bbb7
15:04:24,341 DEBUG BasicTypeRegistry:146 - Adding type registration java.lang.Float -> org.hibernate.type.FloatType@5d22bbb7
15:04:24,343 DEBUG BasicTypeRegistry:146 - Adding type registration double -> org.hibernate.type.DoubleType@5aaa6d82
15:04:24,343 DEBUG BasicTypeRegistry:146 - Adding type registration double -> org.hibernate.type.DoubleType@5aaa6d82
15:04:24,343 DEBUG BasicTypeRegistry:146 - Adding type registration java.lang.Double -> org.hibernate.type.DoubleType@5aaa6d82
15:04:24,345 DEBUG BasicTypeRegistry:146 - Adding type registration big_decimal -> org.hibernate.type.BigDecimalType@16b3fc9e
15:04:24,351 DEBUG BasicTypeRegistry:146 - Adding type registration java.math.BigDecimal -> org.hibernate.type.BigDecimalType@16b3fc9e
15:04:24,353 DEBUG BasicTypeRegistry:146 - Adding type registration big_integer -> org.hibernate.type.BigIntegerType@1e81f4dc
15:04:24,354 DEBUG BasicTypeRegistry:146 - Adding type registration java.math.BigInteger -> org.hibernate.type.BigIntegerType@1e81f4dc
15:04:24,357 DEBUG BasicTypeRegistry:146 - Adding type registration string -> org.hibernate.type.StringType@4aa8f0b4
15:04:24,358 DEBUG BasicTypeRegistry:146 - Adding type registration java.lang.String -> org.hibernate.type.StringType@4aa8f0b4
15:04:24,360 DEBUG BasicTypeRegistry:146 - Adding type registration nstring -> org.hibernate.type.StringNVarcharType@2c13da15
15:04:24,363 DEBUG BasicTypeRegistry:146 - Adding type registration ncharacter -> org.hibernate.type.CharacterNCharType@16f65612
15:04:24,370 DEBUG BasicTypeRegistry:146 - Adding type registration url -> org.hibernate.type.UrlType@11028347
15:04:24,370 DEBUG BasicTypeRegistry:146 - Adding type registration java.net.URL -> org.hibernate.type.UrlType@11028347
15:04:24,372 DEBUG BasicTypeRegistry:146 - Adding type registration date -> org.hibernate.type.DateType@71bc1ae4
15:04:24,373 DEBUG BasicTypeRegistry:146 - Adding type registration java.sql.Date -> org.hibernate.type.DateType@71bc1ae4
15:04:24,374 DEBUG BasicTypeRegistry:146 - Adding type registration time -> org.hibernate.type.TimeType@299a06ac
15:04:24,375 DEBUG BasicTypeRegistry:146 - Adding type registration java.sql.Time -> org.hibernate.type.TimeType@299a06ac
15:04:24,376 DEBUG BasicTypeRegistry:146 - Adding type registration timestamp -> org.hibernate.type.TimestampType@1055e4af
15:04:24,377 DEBUG BasicTypeRegistry:146 - Adding type registration java.sql.Timestamp -> org.hibernate.type.TimestampType@1055e4af
15:04:24,377 DEBUG BasicTypeRegistry:146 - Adding type registration java.util.Date -> org.hibernate.type.TimestampType@1055e4af
15:04:24,378 DEBUG BasicTypeRegistry:146 - Adding type registration dbtimestamp -> org.hibernate.type.DbTimestampType@6a38e57f
15:04:24,379 DEBUG BasicTypeRegistry:146 - Adding type registration calendar -> org.hibernate.type.CalendarType@6073f712
15:04:24,380 DEBUG BasicTypeRegistry:146 - Adding type registration java.util.Calendar -> org.hibernate.type.CalendarType@6073f712
15:04:24,380 DEBUG BasicTypeRegistry:146 - Adding type registration java.util.GregorianCalendar -> org.hibernate.type.CalendarType@6073f712
15:04:24,381 DEBUG BasicTypeRegistry:146 - Adding type registration calendar_date -> org.hibernate.type.CalendarDateType@7a46a697
15:04:24,382 DEBUG BasicTypeRegistry:146 - Adding type registration locale -> org.hibernate.type.LocaleType@77afea7d
15:04:24,383 DEBUG BasicTypeRegistry:146 - Adding type registration java.util.Locale -> org.hibernate.type.LocaleType@77afea7d
15:04:24,387 DEBUG BasicTypeRegistry:146 - Adding type registration currency -> org.hibernate.type.CurrencyType@47089e5f
15:04:24,387 DEBUG BasicTypeRegistry:146 - Adding type registration java.util.Currency -> org.hibernate.type.CurrencyType@47089e5f
15:04:24,388 DEBUG BasicTypeRegistry:146 - Adding type registration timezone -> org.hibernate.type.TimeZoneType@5679c6c6
15:04:24,389 DEBUG BasicTypeRegistry:146 - Adding type registration java.util.TimeZone -> org.hibernate.type.TimeZoneType@5679c6c6
15:04:24,390 DEBUG BasicTypeRegistry:146 - Adding type registration class -> org.hibernate.type.ClassType@2db0f6b2
15:04:24,390 DEBUG BasicTypeRegistry:146 - Adding type registration java.lang.Class -> org.hibernate.type.ClassType@2db0f6b2
15:04:24,391 DEBUG BasicTypeRegistry:146 - Adding type registration uuid-binary -> org.hibernate.type.UUIDBinaryType@8807e25
15:04:24,392 DEBUG BasicTypeRegistry:146 - Adding type registration java.util.UUID -> org.hibernate.type.UUIDBinaryType@8807e25
15:04:24,392 DEBUG BasicTypeRegistry:146 - Adding type registration uuid-char -> org.hibernate.type.UUIDCharType@198e2867
15:04:24,393 DEBUG BasicTypeRegistry:146 - Adding type registration pg-uuid -> org.hibernate.type.PostgresUUIDType@63e31ee
15:04:24,394 DEBUG BasicTypeRegistry:146 - Adding type registration binary -> org.hibernate.type.BinaryType@574caa3f
15:04:24,395 DEBUG BasicTypeRegistry:146 - Adding type registration byte[] -> org.hibernate.type.BinaryType@574caa3f
15:04:24,395 DEBUG BasicTypeRegistry:146 - Adding type registration [B -> org.hibernate.type.BinaryType@574caa3f
15:04:24,396 DEBUG BasicTypeRegistry:146 - Adding type registration wrapper-binary -> org.hibernate.type.WrapperBinaryType@27abe2cd
15:04:24,396 DEBUG BasicTypeRegistry:146 - Adding type registration Byte[] -> org.hibernate.type.WrapperBinaryType@27abe2cd
15:04:24,396 DEBUG BasicTypeRegistry:146 - Adding type registration [Ljava.lang.Byte; -> org.hibernate.type.WrapperBinaryType@27abe2cd
15:04:24,397 DEBUG BasicTypeRegistry:146 - Adding type registration image -> org.hibernate.type.ImageType@2280cdac
15:04:24,398 DEBUG BasicTypeRegistry:146 - Adding type registration characters -> org.hibernate.type.CharArrayType@65e579dc
15:04:24,399 DEBUG BasicTypeRegistry:146 - Adding type registration char[] -> org.hibernate.type.CharArrayType@65e579dc
15:04:24,399 DEBUG BasicTypeRegistry:146 - Adding type registration [C -> org.hibernate.type.CharArrayType@65e579dc
15:04:24,400 DEBUG BasicTypeRegistry:146 - Adding type registration wrapper-characters -> org.hibernate.type.CharacterArrayType@449b2d27
15:04:24,400 DEBUG BasicTypeRegistry:146 - Adding type registration [Ljava.lang.Character; -> org.hibernate.type.CharacterArrayType@449b2d27
15:04:24,400 DEBUG BasicTypeRegistry:146 - Adding type registration Character[] -> org.hibernate.type.CharacterArrayType@449b2d27
15:04:24,401 DEBUG BasicTypeRegistry:146 - Adding type registration text -> org.hibernate.type.TextType@42f30e0a
15:04:24,406 DEBUG BasicTypeRegistry:146 - Adding type registration ntext -> org.hibernate.type.NTextType@18e8568
15:04:24,419 DEBUG BasicTypeRegistry:146 - Adding type registration blob -> org.hibernate.type.BlobType@31b7dea0
15:04:24,419 DEBUG BasicTypeRegistry:146 - Adding type registration java.sql.Blob -> org.hibernate.type.BlobType@31b7dea0
15:04:24,420 DEBUG BasicTypeRegistry:146 - Adding type registration materialized_blob -> org.hibernate.type.MaterializedBlobType@2d6a9952
15:04:24,424 DEBUG BasicTypeRegistry:146 - Adding type registration clob -> org.hibernate.type.ClobType@7a92922
15:04:24,427 DEBUG BasicTypeRegistry:146 - Adding type registration java.sql.Clob -> org.hibernate.type.ClobType@7a92922
15:04:24,435 DEBUG BasicTypeRegistry:146 - Adding type registration nclob -> org.hibernate.type.NClobType@1ae369b7
15:04:24,436 DEBUG BasicTypeRegistry:146 - Adding type registration java.sql.NClob -> org.hibernate.type.NClobType@1ae369b7
15:04:24,437 DEBUG BasicTypeRegistry:146 - Adding type registration materialized_clob -> org.hibernate.type.MaterializedClobType@2aafb23c
15:04:24,438 DEBUG BasicTypeRegistry:146 - Adding type registration materialized_nclob -> org.hibernate.type.MaterializedNClobType@2eee9593
15:04:24,440 DEBUG BasicTypeRegistry:146 - Adding type registration serializable -> org.hibernate.type.SerializableType@6ad5c04e
15:04:24,444 DEBUG BasicTypeRegistry:146 - Adding type registration object -> org.hibernate.type.ObjectType@d7b1517
15:04:24,445 DEBUG BasicTypeRegistry:146 - Adding type registration java.lang.Object -> org.hibernate.type.ObjectType@d7b1517
15:04:24,445 DEBUG BasicTypeRegistry:146 - Adding type registration imm_date -> org.hibernate.type.AdaptedImmutableType@4ec6a292
15:04:24,446 DEBUG BasicTypeRegistry:146 - Adding type registration imm_time -> org.hibernate.type.AdaptedImmutableType@1b40d5f0
15:04:24,446 DEBUG BasicTypeRegistry:146 - Adding type registration imm_timestamp -> org.hibernate.type.AdaptedImmutableType@ea4a92b
15:04:24,447 DEBUG BasicTypeRegistry:146 - Adding type registration imm_dbtimestamp -> org.hibernate.type.AdaptedImmutableType@3c5a99da
15:04:24,447 DEBUG BasicTypeRegistry:146 - Adding type registration imm_calendar -> org.hibernate.type.AdaptedImmutableType@47f37ef1
15:04:24,447 DEBUG BasicTypeRegistry:146 - Adding type registration imm_calendar_date -> org.hibernate.type.AdaptedImmutableType@5a01ccaa
15:04:24,447 DEBUG BasicTypeRegistry:146 - Adding type registration imm_binary -> org.hibernate.type.AdaptedImmutableType@71c7db30
15:04:24,449 DEBUG BasicTypeRegistry:146 - Adding type registration imm_serializable -> org.hibernate.type.AdaptedImmutableType@19bb089b
15:04:24,473  INFO Version:66 - HCANN000001: Hibernate Commons Annotations {4.0.4.Final}
15:04:24,489  INFO Version:54 - HHH000412: Hibernate Core {4.3.5.Final}
15:04:24,492  INFO Environment:239 - HHH000206: hibernate.properties not found
15:04:24,498  INFO Environment:346 - HHH000021: Bytecode provider name : javassist
15:04:24,514 DEBUG DefaultIdentifierGeneratorFactory:93 - Registering IdentifierGenerator strategy [uuid2] -> [org.hibernate.id.UUIDGenerator]
15:04:24,515 DEBUG DefaultIdentifierGeneratorFactory:93 - Registering IdentifierGenerator strategy [guid] -> [org.hibernate.id.GUIDGenerator]
15:04:24,516 DEBUG DefaultIdentifierGeneratorFactory:93 - Registering IdentifierGenerator strategy [uuid] -> [org.hibernate.id.UUIDHexGenerator]
15:04:24,517 DEBUG DefaultIdentifierGeneratorFactory:93 - Registering IdentifierGenerator strategy [uuid.hex] -> [org.hibernate.id.UUIDHexGenerator]
15:04:24,518 DEBUG DefaultIdentifierGeneratorFactory:93 - Registering IdentifierGenerator strategy [hilo] -> [org.hibernate.id.TableHiLoGenerator]
15:04:24,519 DEBUG DefaultIdentifierGeneratorFactory:93 - Registering IdentifierGenerator strategy [assigned] -> [org.hibernate.id.Assigned]
15:04:24,520 DEBUG DefaultIdentifierGeneratorFactory:93 - Registering IdentifierGenerator strategy [identity] -> [org.hibernate.id.IdentityGenerator]
15:04:24,521 DEBUG DefaultIdentifierGeneratorFactory:93 - Registering IdentifierGenerator strategy [select] -> [org.hibernate.id.SelectGenerator]
15:04:24,522 DEBUG DefaultIdentifierGeneratorFactory:93 - Registering IdentifierGenerator strategy [sequence] -> [org.hibernate.id.SequenceGenerator]
15:04:24,522 DEBUG DefaultIdentifierGeneratorFactory:93 - Registering IdentifierGenerator strategy [seqhilo] -> [org.hibernate.id.SequenceHiLoGenerator]
15:04:24,523 DEBUG DefaultIdentifierGeneratorFactory:93 - Registering IdentifierGenerator strategy [increment] -> [org.hibernate.id.IncrementGenerator]
15:04:24,524 DEBUG DefaultIdentifierGeneratorFactory:93 - Registering IdentifierGenerator strategy [foreign] -> [org.hibernate.id.ForeignGenerator]
15:04:24,524 DEBUG DefaultIdentifierGeneratorFactory:93 - Registering IdentifierGenerator strategy [sequence-identity] -> [org.hibernate.id.SequenceIdentityGenerator]
15:04:24,525 DEBUG DefaultIdentifierGeneratorFactory:93 - Registering IdentifierGenerator strategy [enhanced-sequence] -> [org.hibernate.id.enhanced.SequenceStyleGenerator]
15:04:24,526 DEBUG DefaultIdentifierGeneratorFactory:93 - Registering IdentifierGenerator strategy [enhanced-table] -> [org.hibernate.id.enhanced.TableGenerator]
15:04:24,528  INFO Configuration:2073 - HHH000043: Configuring from resource: hibernate.cfg.xml
15:04:24,528  INFO Configuration:2092 - HHH000040: Configuration resource: hibernate.cfg.xml
15:04:24,597 TRACE EJB3DTDEntityResolver:59 - Resolving XML entity -//Hibernate/Hibernate Configuration DTD 3.0//EN : http://www.hibernate.org/dtd/hibernate-configuration-3.0.dtd
15:04:24,597 DEBUG DTDEntityResolver:69 - Trying to resolve system-id [http://www.hibernate.org/dtd/hibernate-configuration-3.0.dtd]
15:04:24,597 DEBUG DTDEntityResolver:71 - Recognized hibernate namespace; attempting to resolve on classpath under org/hibernate/
15:04:24,598 DEBUG DTDEntityResolver:108 - Located [http://www.hibernate.org/dtd/hibernate-configuration-3.0.dtd] in classpath
15:04:24,621 DEBUG Configuration:2035 - connection.driver_class=com.mysql.jdbc.Driver
15:04:24,623 DEBUG Configuration:2035 - connection.url=jdbc:mysql://localhost:3306/hello-world
15:04:24,623 DEBUG Configuration:2035 - connection.username=root
15:04:24,623 DEBUG Configuration:2035 - connection.password=opessoftware
15:04:24,623 DEBUG Configuration:2035 - dialect=org.hibernate.dialect.MySQLDialect
15:04:24,625 DEBUG Configuration:2035 - show_sql=true
15:04:24,626 DEBUG Configuration:2274 - Session-factory config [null] named class [entity.Message] for mapping
15:04:24,638  INFO Configuration:2214 - HHH000041: Configured SessionFactory: null
15:04:24,641 DEBUG Configuration:2215 - Properties: {hibernate.connection.password=opessoftware, java.runtime.name=Java(TM) SE Runtime Environment, sun.boot.library.path=/usr/lib/jvm/java-8-oracle/jre/lib/amd64, java.vm.version=25.101-b13, hibernate.connection.username=root, java.vm.vendor=Oracle Corporation, java.vendor.url=http://java.oracle.com/, path.separator=:, java.vm.name=Java HotSpot(TM) 64-Bit Server VM, file.encoding.pkg=sun.io, user.country=CA, sun.java.launcher=SUN_STANDARD, sun.os.patch.level=unknown, java.vm.specification.name=Java Virtual Machine Specification, user.dir=/home/jose/JavaJpaCourse/lab3, java.runtime.version=1.8.0_101-b13, java.awt.graphicsenv=sun.awt.X11GraphicsEnvironment, java.endorsed.dirs=/usr/lib/jvm/java-8-oracle/jre/lib/endorsed, os.arch=amd64, java.io.tmpdir=/tmp, line.separator=
, java.vm.specification.vendor=Oracle Corporation, os.name=Linux, sun.jnu.encoding=UTF-8, java.library.path=/usr/java/packages/lib/amd64:/usr/lib64:/lib64:/lib:/usr/lib, java.specification.name=Java Platform API Specification, java.class.version=52.0, sun.management.compiler=HotSpot 64-Bit Tiered Compilers, os.version=4.4.0-38-generic, connection.password=opessoftware, user.home=/home/jose, user.timezone=America/Toronto, connection.username=root, java.awt.printerjob=sun.print.PSPrinterJob, file.encoding=UTF-8, java.specification.version=1.8, hibernate.connection.driver_class=com.mysql.jdbc.Driver, show_sql=true, user.name=jose, java.class.path=/home/jose/JavaJpaCourse/lab3/bin:/home/jose/JavaJpaCourse/lab3/lib/antlr-2.7.7.jar:/home/jose/JavaJpaCourse/lab3/lib/dom4j-1.6.1.jar:/home/jose/JavaJpaCourse/lab3/lib/hibernate-commons-annotations-4.0.4.Final.jar:/home/jose/JavaJpaCourse/lab3/lib/hibernate-core-4.3.5.Final.jar:/home/jose/JavaJpaCourse/lab3/lib/hibernate-jpa-2.1-api-1.0.0.Final.jar:/home/jose/JavaJpaCourse/lab3/lib/jandex-1.1.0.Final.jar:/home/jose/JavaJpaCourse/lab3/lib/javassist-3.18.1-GA.jar:/home/jose/JavaJpaCourse/lab3/lib/jboss-logging-3.1.3.GA.jar:/home/jose/JavaJpaCourse/lab3/lib/jboss-logging-annotations-1.2.0.Beta1.jar:/home/jose/JavaJpaCourse/lab3/lib/jboss-transaction-api_1.2_spec-1.0.0.Final.jar:/home/jose/JavaJpaCourse/lab3/lib/log4j-1.2.17.jar:/home/jose/JavaJpaCourse/lab3/lib/mysql-connector-java-5.1.29-bin.jar, hibernate.bytecode.use_reflection_optimizer=false, hibernate.show_sql=true, java.vm.specification.version=1.8, sun.java.command=client.HelloWorldClient, java.home=/usr/lib/jvm/java-8-oracle/jre, sun.arch.data.model=64, hibernate.dialect=org.hibernate.dialect.MySQLDialect, hibernate.connection.url=jdbc:mysql://localhost:3306/hello-world, user.language=en, java.specification.vendor=Oracle Corporation, awt.toolkit=sun.awt.X11.XToolkit, java.vm.info=mixed mode, java.version=1.8.0_101, java.ext.dirs=/usr/lib/jvm/java-8-oracle/jre/lib/ext:/usr/java/packages/lib/ext, sun.boot.class.path=/usr/lib/jvm/java-8-oracle/jre/lib/resources.jar:/usr/lib/jvm/java-8-oracle/jre/lib/rt.jar:/usr/lib/jvm/java-8-oracle/jre/lib/sunrsasign.jar:/usr/lib/jvm/java-8-oracle/jre/lib/jsse.jar:/usr/lib/jvm/java-8-oracle/jre/lib/jce.jar:/usr/lib/jvm/java-8-oracle/jre/lib/charsets.jar:/usr/lib/jvm/java-8-oracle/jre/lib/jfr.jar:/usr/lib/jvm/java-8-oracle/jre/classes, java.vendor=Oracle Corporation, connection.driver_class=com.mysql.jdbc.Driver, file.separator=/, java.vendor.url.bug=http://bugreport.sun.com/bugreport/, sun.io.unicode.encoding=UnicodeLittle, sun.cpu.endian=little, connection.url=jdbc:mysql://localhost:3306/hello-world, dialect=org.hibernate.dialect.MySQLDialect, sun.cpu.isalist=}
15:04:24,663 DEBUG IntegratorServiceImpl:63 - Adding Integrator [org.hibernate.cfg.beanvalidation.BeanValidationIntegrator].
15:04:24,667 DEBUG IntegratorServiceImpl:63 - Adding Integrator [org.hibernate.secure.spi.JaccIntegrator].
15:04:24,669 DEBUG IntegratorServiceImpl:63 - Adding Integrator [org.hibernate.cache.internal.CollectionCacheInvalidator].
15:04:24,674 TRACE StrategySelectorImpl:69 - Registering named strategy selector [org.hibernate.dialect.Dialect] : [Cache71] -> [org.hibernate.dialect.Cache71Dialect]
15:04:24,675 TRACE StrategySelectorImpl:69 - Registering named strategy selector [org.hibernate.dialect.Dialect] : [CUBRID] -> [org.hibernate.dialect.CUBRIDDialect]
15:04:24,676 TRACE StrategySelectorImpl:69 - Registering named strategy selector [org.hibernate.dialect.Dialect] : [DB2] -> [org.hibernate.dialect.DB2Dialect]
15:04:24,678 TRACE StrategySelectorImpl:69 - Registering named strategy selector [org.hibernate.dialect.Dialect] : [DB2390] -> [org.hibernate.dialect.DB2390Dialect]
15:04:24,679 TRACE StrategySelectorImpl:69 - Registering named strategy selector [org.hibernate.dialect.Dialect] : [DB2400] -> [org.hibernate.dialect.DB2400Dialect]
15:04:24,679 TRACE StrategySelectorImpl:69 - Registering named strategy selector [org.hibernate.dialect.Dialect] : [DerbyTenFive] -> [org.hibernate.dialect.DerbyTenFiveDialect]
15:04:24,680 TRACE StrategySelectorImpl:69 - Registering named strategy selector [org.hibernate.dialect.Dialect] : [DerbyTenSix] -> [org.hibernate.dialect.DerbyTenSixDialect]
15:04:24,681 TRACE StrategySelectorImpl:69 - Registering named strategy selector [org.hibernate.dialect.Dialect] : [DerbyTenSeven] -> [org.hibernate.dialect.DerbyTenSevenDialect]
15:04:24,682 TRACE StrategySelectorImpl:69 - Registering named strategy selector [org.hibernate.dialect.Dialect] : [Firebird] -> [org.hibernate.dialect.FirebirdDialect]
15:04:24,682 TRACE StrategySelectorImpl:69 - Registering named strategy selector [org.hibernate.dialect.Dialect] : [FrontBase] -> [org.hibernate.dialect.FrontBaseDialect]
15:04:24,683 TRACE StrategySelectorImpl:69 - Registering named strategy selector [org.hibernate.dialect.Dialect] : [H2] -> [org.hibernate.dialect.H2Dialect]
15:04:24,684 TRACE StrategySelectorImpl:69 - Registering named strategy selector [org.hibernate.dialect.Dialect] : [HSQL] -> [org.hibernate.dialect.HSQLDialect]
15:04:24,684 TRACE StrategySelectorImpl:69 - Registering named strategy selector [org.hibernate.dialect.Dialect] : [Informix] -> [org.hibernate.dialect.InformixDialect]
15:04:24,685 TRACE StrategySelectorImpl:69 - Registering named strategy selector [org.hibernate.dialect.Dialect] : [Ingres] -> [org.hibernate.dialect.IngresDialect]
15:04:24,686 TRACE StrategySelectorImpl:69 - Registering named strategy selector [org.hibernate.dialect.Dialect] : [Ingres9] -> [org.hibernate.dialect.Ingres9Dialect]
15:04:24,687 TRACE StrategySelectorImpl:69 - Registering named strategy selector [org.hibernate.dialect.Dialect] : [Ingres10] -> [org.hibernate.dialect.Ingres10Dialect]
15:04:24,687 TRACE StrategySelectorImpl:69 - Registering named strategy selector [org.hibernate.dialect.Dialect] : [Interbase] -> [org.hibernate.dialect.InterbaseDialect]
15:04:24,688 TRACE StrategySelectorImpl:69 - Registering named strategy selector [org.hibernate.dialect.Dialect] : [JDataStore] -> [org.hibernate.dialect.JDataStoreDialect]
15:04:24,689 TRACE StrategySelectorImpl:69 - Registering named strategy selector [org.hibernate.dialect.Dialect] : [Mckoi] -> [org.hibernate.dialect.MckoiDialect]
15:04:24,690 TRACE StrategySelectorImpl:69 - Registering named strategy selector [org.hibernate.dialect.Dialect] : [MimerSQL] -> [org.hibernate.dialect.MimerSQLDialect]
15:04:24,695 TRACE StrategySelectorImpl:69 - Registering named strategy selector [org.hibernate.dialect.Dialect] : [MySQL5] -> [org.hibernate.dialect.MySQL5Dialect]
15:04:24,698 TRACE StrategySelectorImpl:69 - Registering named strategy selector [org.hibernate.dialect.Dialect] : [MySQL5InnoDB] -> [org.hibernate.dialect.MySQL5InnoDBDialect]
15:04:24,698 DEBUG StrategySelectorImpl:79 - Registering named strategy selector [org.hibernate.dialect.Dialect] : [MySQL5] -> [org.hibernate.dialect.MySQL5Dialect] (replacing [org.hibernate.dialect.MySQL5Dialect])
15:04:24,698 DEBUG StrategySelectorImpl:79 - Registering named strategy selector [org.hibernate.dialect.Dialect] : [MySQL5InnoDB] -> [org.hibernate.dialect.MySQL5InnoDBDialect] (replacing [org.hibernate.dialect.MySQL5InnoDBDialect])
15:04:24,699 TRACE StrategySelectorImpl:69 - Registering named strategy selector [org.hibernate.dialect.Dialect] : [Oracle8i] -> [org.hibernate.dialect.Oracle8iDialect]
15:04:24,700 TRACE StrategySelectorImpl:69 - Registering named strategy selector [org.hibernate.dialect.Dialect] : [Oracle9i] -> [org.hibernate.dialect.Oracle9iDialect]
15:04:24,701 TRACE StrategySelectorImpl:69 - Registering named strategy selector [org.hibernate.dialect.Dialect] : [Oracle10g] -> [org.hibernate.dialect.Oracle10gDialect]
15:04:24,704 TRACE StrategySelectorImpl:69 - Registering named strategy selector [org.hibernate.dialect.Dialect] : [Pointbase] -> [org.hibernate.dialect.PointbaseDialect]
15:04:24,706 TRACE StrategySelectorImpl:69 - Registering named strategy selector [org.hibernate.dialect.Dialect] : [PostgresPlus] -> [org.hibernate.dialect.PostgresPlusDialect]
15:04:24,706 TRACE StrategySelectorImpl:69 - Registering named strategy selector [org.hibernate.dialect.Dialect] : [PostgreSQL81] -> [org.hibernate.dialect.PostgreSQL81Dialect]
15:04:24,707 TRACE StrategySelectorImpl:69 - Registering named strategy selector [org.hibernate.dialect.Dialect] : [PostgreSQL82] -> [org.hibernate.dialect.PostgreSQL82Dialect]
15:04:24,708 TRACE StrategySelectorImpl:69 - Registering named strategy selector [org.hibernate.dialect.Dialect] : [PostgreSQL9] -> [org.hibernate.dialect.PostgreSQL9Dialect]
15:04:24,708 TRACE StrategySelectorImpl:69 - Registering named strategy selector [org.hibernate.dialect.Dialect] : [Progress] -> [org.hibernate.dialect.ProgressDialect]
15:04:24,709 TRACE StrategySelectorImpl:69 - Registering named strategy selector [org.hibernate.dialect.Dialect] : [SAPDB] -> [org.hibernate.dialect.SAPDBDialect]
15:04:24,710 TRACE StrategySelectorImpl:69 - Registering named strategy selector [org.hibernate.dialect.Dialect] : [SQLServer] -> [org.hibernate.dialect.SQLServerDialect]
15:04:24,711 TRACE StrategySelectorImpl:69 - Registering named strategy selector [org.hibernate.dialect.Dialect] : [SQLServer2005] -> [org.hibernate.dialect.SQLServer2005Dialect]
15:04:24,712 TRACE StrategySelectorImpl:69 - Registering named strategy selector [org.hibernate.dialect.Dialect] : [SQLServer2008] -> [org.hibernate.dialect.SQLServer2008Dialect]
15:04:24,714 TRACE StrategySelectorImpl:69 - Registering named strategy selector [org.hibernate.dialect.Dialect] : [Sybase11] -> [org.hibernate.dialect.Sybase11Dialect]
15:04:24,715 TRACE StrategySelectorImpl:69 - Registering named strategy selector [org.hibernate.dialect.Dialect] : [SybaseAnywhere] -> [org.hibernate.dialect.SybaseAnywhereDialect]
15:04:24,716 TRACE StrategySelectorImpl:69 - Registering named strategy selector [org.hibernate.dialect.Dialect] : [SybaseASE15] -> [org.hibernate.dialect.SybaseASE15Dialect]
15:04:24,716 TRACE StrategySelectorImpl:69 - Registering named strategy selector [org.hibernate.dialect.Dialect] : [SybaseASE157] -> [org.hibernate.dialect.SybaseASE157Dialect]
15:04:24,717 TRACE StrategySelectorImpl:69 - Registering named strategy selector [org.hibernate.dialect.Dialect] : [Teradata] -> [org.hibernate.dialect.TeradataDialect]
15:04:24,718 TRACE StrategySelectorImpl:69 - Registering named strategy selector [org.hibernate.dialect.Dialect] : [TimesTen] -> [org.hibernate.dialect.TimesTenDialect]
15:04:24,719 TRACE StrategySelectorImpl:69 - Registering named strategy selector [org.hibernate.engine.transaction.jta.platform.spi.JtaPlatform] : [Borland] -> [org.hibernate.engine.transaction.jta.platform.internal.BorlandEnterpriseServerJtaPlatform]
15:04:24,725 TRACE StrategySelectorImpl:69 - Registering named strategy selector [org.hibernate.engine.transaction.jta.platform.spi.JtaPlatform] : [org.hibernate.service.jta.platform.internal.BorlandEnterpriseServerJtaPlatform] -> [org.hibernate.engine.transaction.jta.platform.internal.BorlandEnterpriseServerJtaPlatform]
15:04:24,726 TRACE StrategySelectorImpl:69 - Registering named strategy selector [org.hibernate.engine.transaction.jta.platform.spi.JtaPlatform] : [Bitronix] -> [org.hibernate.engine.transaction.jta.platform.internal.BitronixJtaPlatform]
15:04:24,727 TRACE StrategySelectorImpl:69 - Registering named strategy selector [org.hibernate.engine.transaction.jta.platform.spi.JtaPlatform] : [org.hibernate.service.jta.platform.internal.BitronixJtaPlatform] -> [org.hibernate.engine.transaction.jta.platform.internal.BitronixJtaPlatform]
15:04:24,727 TRACE StrategySelectorImpl:69 - Registering named strategy selector [org.hibernate.engine.transaction.jta.platform.spi.JtaPlatform] : [JBossAS] -> [org.hibernate.engine.transaction.jta.platform.internal.JBossAppServerJtaPlatform]
15:04:24,728 TRACE StrategySelectorImpl:69 - Registering named strategy selector [org.hibernate.engine.transaction.jta.platform.spi.JtaPlatform] : [org.hibernate.service.jta.platform.internal.JBossAppServerJtaPlatform] -> [org.hibernate.engine.transaction.jta.platform.internal.JBossAppServerJtaPlatform]
15:04:24,729 TRACE StrategySelectorImpl:69 - Registering named strategy selector [org.hibernate.engine.transaction.jta.platform.spi.JtaPlatform] : [JBossTS] -> [org.hibernate.engine.transaction.jta.platform.internal.JBossStandAloneJtaPlatform]
15:04:24,730 TRACE StrategySelectorImpl:69 - Registering named strategy selector [org.hibernate.engine.transaction.jta.platform.spi.JtaPlatform] : [org.hibernate.service.jta.platform.internal.JBossStandAloneJtaPlatform] -> [org.hibernate.engine.transaction.jta.platform.internal.JBossStandAloneJtaPlatform]
15:04:24,735 TRACE StrategySelectorImpl:69 - Registering named strategy selector [org.hibernate.engine.transaction.jta.platform.spi.JtaPlatform] : [JOnAS] -> [org.hibernate.engine.transaction.jta.platform.internal.JOnASJtaPlatform]
15:04:24,736 TRACE StrategySelectorImpl:69 - Registering named strategy selector [org.hibernate.engine.transaction.jta.platform.spi.JtaPlatform] : [org.hibernate.service.jta.platform.internal.JOnASJtaPlatform] -> [org.hibernate.engine.transaction.jta.platform.internal.JOnASJtaPlatform]
15:04:24,737 TRACE StrategySelectorImpl:69 - Registering named strategy selector [org.hibernate.engine.transaction.jta.platform.spi.JtaPlatform] : [JOTM] -> [org.hibernate.engine.transaction.jta.platform.internal.JOTMJtaPlatform]
15:04:24,737 TRACE StrategySelectorImpl:69 - Registering named strategy selector [org.hibernate.engine.transaction.jta.platform.spi.JtaPlatform] : [org.hibernate.service.jta.platform.internal.JOTMJtaPlatform] -> [org.hibernate.engine.transaction.jta.platform.internal.JOTMJtaPlatform]
15:04:24,738 TRACE StrategySelectorImpl:69 - Registering named strategy selector [org.hibernate.engine.transaction.jta.platform.spi.JtaPlatform] : [JRun4] -> [org.hibernate.engine.transaction.jta.platform.internal.JRun4JtaPlatform]
15:04:24,738 TRACE StrategySelectorImpl:69 - Registering named strategy selector [org.hibernate.engine.transaction.jta.platform.spi.JtaPlatform] : [org.hibernate.service.jta.platform.internal.JRun4JtaPlatform] -> [org.hibernate.engine.transaction.jta.platform.internal.JRun4JtaPlatform]
15:04:24,739 TRACE StrategySelectorImpl:69 - Registering named strategy selector [org.hibernate.engine.transaction.jta.platform.spi.JtaPlatform] : [OC4J] -> [org.hibernate.engine.transaction.jta.platform.internal.OC4JJtaPlatform]
15:04:24,740 TRACE StrategySelectorImpl:69 - Registering named strategy selector [org.hibernate.engine.transaction.jta.platform.spi.JtaPlatform] : [org.hibernate.service.jta.platform.internal.OC4JJtaPlatform] -> [org.hibernate.engine.transaction.jta.platform.internal.OC4JJtaPlatform]
15:04:24,748 TRACE StrategySelectorImpl:69 - Registering named strategy selector [org.hibernate.engine.transaction.jta.platform.spi.JtaPlatform] : [Orion] -> [org.hibernate.engine.transaction.jta.platform.internal.OrionJtaPlatform]
15:04:24,750 TRACE StrategySelectorImpl:69 - Registering named strategy selector [org.hibernate.engine.transaction.jta.platform.spi.JtaPlatform] : [org.hibernate.service.jta.platform.internal.OrionJtaPlatform] -> [org.hibernate.engine.transaction.jta.platform.internal.OrionJtaPlatform]
15:04:24,751 TRACE StrategySelectorImpl:69 - Registering named strategy selector [org.hibernate.engine.transaction.jta.platform.spi.JtaPlatform] : [Resin] -> [org.hibernate.engine.transaction.jta.platform.internal.ResinJtaPlatform]
15:04:24,751 TRACE StrategySelectorImpl:69 - Registering named strategy selector [org.hibernate.engine.transaction.jta.platform.spi.JtaPlatform] : [org.hibernate.service.jta.platform.internal.ResinJtaPlatform] -> [org.hibernate.engine.transaction.jta.platform.internal.ResinJtaPlatform]
15:04:24,752 TRACE StrategySelectorImpl:69 - Registering named strategy selector [org.hibernate.engine.transaction.jta.platform.spi.JtaPlatform] : [SunOne] -> [org.hibernate.engine.transaction.jta.platform.internal.SunOneJtaPlatform]
15:04:24,752 TRACE StrategySelectorImpl:69 - Registering named strategy selector [org.hibernate.engine.transaction.jta.platform.spi.JtaPlatform] : [org.hibernate.service.jta.platform.internal.SunOneJtaPlatform] -> [org.hibernate.engine.transaction.jta.platform.internal.SunOneJtaPlatform]
15:04:24,752 TRACE StrategySelectorImpl:69 - Registering named strategy selector [org.hibernate.engine.transaction.jta.platform.spi.JtaPlatform] : [Weblogic] -> [org.hibernate.engine.transaction.jta.platform.internal.WeblogicJtaPlatform]
15:04:24,752 TRACE StrategySelectorImpl:69 - Registering named strategy selector [org.hibernate.engine.transaction.jta.platform.spi.JtaPlatform] : [org.hibernate.service.jta.platform.internal.WeblogicJtaPlatform] -> [org.hibernate.engine.transaction.jta.platform.internal.WeblogicJtaPlatform]
15:04:24,753 TRACE StrategySelectorImpl:69 - Registering named strategy selector [org.hibernate.engine.transaction.jta.platform.spi.JtaPlatform] : [WebSphere] -> [org.hibernate.engine.transaction.jta.platform.internal.WebSphereJtaPlatform]
15:04:24,753 TRACE StrategySelectorImpl:69 - Registering named strategy selector [org.hibernate.engine.transaction.jta.platform.spi.JtaPlatform] : [org.hibernate.service.jta.platform.internal.WebSphereJtaPlatform] -> [org.hibernate.engine.transaction.jta.platform.internal.WebSphereJtaPlatform]
15:04:24,753 TRACE StrategySelectorImpl:69 - Registering named strategy selector [org.hibernate.engine.transaction.jta.platform.spi.JtaPlatform] : [WebSphereExtended] -> [org.hibernate.engine.transaction.jta.platform.internal.WebSphereExtendedJtaPlatform]
15:04:24,754 TRACE StrategySelectorImpl:69 - Registering named strategy selector [org.hibernate.engine.transaction.jta.platform.spi.JtaPlatform] : [org.hibernate.service.jta.platform.internal.WebSphereExtendedJtaPlatform] -> [org.hibernate.engine.transaction.jta.platform.internal.WebSphereExtendedJtaPlatform]
15:04:24,755 TRACE StrategySelectorImpl:69 - Registering named strategy selector [org.hibernate.engine.transaction.spi.TransactionFactory] : [jdbc] -> [org.hibernate.engine.transaction.internal.jdbc.JdbcTransactionFactory]
15:04:24,757 TRACE StrategySelectorImpl:69 - Registering named strategy selector [org.hibernate.engine.transaction.spi.TransactionFactory] : [org.hibernate.transaction.JDBCTransactionFactory] -> [org.hibernate.engine.transaction.internal.jdbc.JdbcTransactionFactory]
15:04:24,758 TRACE StrategySelectorImpl:69 - Registering named strategy selector [org.hibernate.engine.transaction.spi.TransactionFactory] : [jta] -> [org.hibernate.engine.transaction.internal.jta.JtaTransactionFactory]
15:04:24,758 TRACE StrategySelectorImpl:69 - Registering named strategy selector [org.hibernate.engine.transaction.spi.TransactionFactory] : [org.hibernate.transaction.JTATransactionFactory] -> [org.hibernate.engine.transaction.internal.jta.JtaTransactionFactory]
15:04:24,759 TRACE StrategySelectorImpl:69 - Registering named strategy selector [org.hibernate.engine.transaction.spi.TransactionFactory] : [cmt] -> [org.hibernate.engine.transaction.internal.jta.CMTTransactionFactory]
15:04:24,759 TRACE StrategySelectorImpl:69 - Registering named strategy selector [org.hibernate.engine.transaction.spi.TransactionFactory] : [org.hibernate.transaction.CMTTransactionFactory] -> [org.hibernate.engine.transaction.internal.jta.CMTTransactionFactory]
15:04:24,760 TRACE StrategySelectorImpl:69 - Registering named strategy selector [org.hibernate.hql.spi.MultiTableBulkIdStrategy] : [persistent] -> [org.hibernate.hql.spi.PersistentTableBulkIdStrategy]
15:04:24,760 TRACE StrategySelectorImpl:69 - Registering named strategy selector [org.hibernate.hql.spi.MultiTableBulkIdStrategy] : [temporary] -> [org.hibernate.hql.spi.TemporaryTableBulkIdStrategy]
15:04:24,788 DEBUG ServiceBinding:85 - Overriding existing service binding [org.hibernate.secure.spi.JaccService]
15:04:24,788 DEBUG Configuration:1841 - Preparing to build session factory with filters : {}
15:04:24,789 TRACE AbstractServiceRegistryImpl:221 - Initializing service [role=org.hibernate.engine.jdbc.spi.JdbcServices]
15:04:24,795 TRACE AbstractServiceRegistryImpl:221 - Initializing service [role=org.hibernate.engine.jdbc.connections.spi.ConnectionProvider]
15:04:24,798  WARN DriverManagerConnectionProviderImpl:93 - HHH000402: Using Hibernate built-in connection pool (not for production use!)
15:04:24,809  INFO DriverManagerConnectionProviderImpl:166 - HHH000401: using driver [com.mysql.jdbc.Driver] at URL [jdbc:mysql://localhost:3306/hello-world]
15:04:24,809  INFO DriverManagerConnectionProviderImpl:172 - HHH000046: Connection properties: {user=root, password=opessoftware}
15:04:24,810  INFO DriverManagerConnectionProviderImpl:180 - HHH000006: Autocommit mode: false
15:04:24,811  INFO DriverManagerConnectionProviderImpl:102 - HHH000115: Hibernate connection pool size: 20 (min=1)
15:04:24,811 DEBUG DriverManagerConnectionProviderImpl:104 - Initializing Connection pool with 1 Connections
15:04:25,103 TRACE AbstractServiceRegistryImpl:221 - Initializing service [role=org.hibernate.engine.jdbc.dialect.spi.DialectFactory]
15:04:25,104 TRACE AbstractServiceRegistryImpl:221 - Initializing service [role=org.hibernate.engine.jdbc.dialect.spi.DialectResolver]
15:04:25,108 DEBUG JdbcServicesImpl:128 - Database ->
       name : MySQL
    version : 5.7.13-0ubuntu0.16.04.2
      major : 5
      minor : 7
15:04:25,109 DEBUG JdbcServicesImpl:139 - Driver ->
       name : MySQL Connector Java
    version : mysql-connector-java-5.1.29 ( Revision: alexander.soklakov@oracle.com-20140120140810-s44574olh90i6i4l )
      major : 5
      minor : 1
15:04:25,109 DEBUG JdbcServicesImpl:150 - JDBC version : 4.0
15:04:25,110 DEBUG StandardRefCursorSupport:187 - Unexpected error trying to gauge level of JDBC REF_CURSOR support : null
15:04:25,143  INFO Dialect:145 - HHH000400: Using dialect: org.hibernate.dialect.MySQLDialect
15:04:25,157 TRACE Configuration:1375 - Starting secondPassCompile() processing
15:04:25,195 DEBUG Configuration:3748 - Processing hbm.xml files
15:04:25,195 DEBUG Configuration:3778 - Process annotated classes
15:04:25,204 DEBUG AnnotationBinder:601 - Binding entity from annotated class: entity.Message
15:04:25,223 DEBUG Ejb3Column:239 - Binding column: Ejb3DiscriminatorColumn{logicalColumnName'DTYPE', discriminatorTypeName='string'}
15:04:25,226 DEBUG AnnotationBinder:1185 - No value specified for 'javax.persistence.sharedCache.mode'; using UNSPECIFIED
15:04:25,230 DEBUG EntityBinder:397 - Import with entity name Message
15:04:25,233 DEBUG EntityBinder:586 - Bind entity entity.Message on table message
15:04:25,257 TRACE AnnotationBinder:1671 - Processing annotations of entity.Message.id
15:04:25,264 DEBUG Ejb3Column:239 - Binding column: Ejb3Column{table=org.hibernate.mapping.Table(message), mappingColumn=ID, insertable=true, updatable=true, unique=false}
15:04:25,267 DEBUG PropertyBinder:185 - MetadataSourceProcessor property id with lazy=false
15:04:25,269 DEBUG AbstractPropertyHolder:106 - Attempting to locate auto-apply AttributeConverter for property [entity.Message:id]
15:04:25,271 DEBUG SimpleValueBinder:385 - building SimpleValue for id
15:04:25,272 DEBUG PropertyBinder:271 - Building property id
15:04:25,280 TRACE PropertyBinder:329 - Cascading id with null
15:04:25,281 TRACE AnnotationBinder:2362 - Bind @Id on id
15:04:25,281 TRACE AnnotationBinder:1671 - Processing annotations of entity.Message.text
15:04:25,282 DEBUG Ejb3Column:239 - Binding column: Ejb3Column{table=org.hibernate.mapping.Table(message), mappingColumn=TEXT, insertable=true, updatable=true, unique=false}
15:04:25,282 DEBUG PropertyBinder:185 - MetadataSourceProcessor property text with lazy=false
15:04:25,282 DEBUG AbstractPropertyHolder:106 - Attempting to locate auto-apply AttributeConverter for property [entity.Message:text]
15:04:25,283 DEBUG SimpleValueBinder:385 - building SimpleValue for text
15:04:25,283 DEBUG PropertyBinder:271 - Building property text
15:04:25,283 TRACE PropertyBinder:329 - Cascading text with null
15:04:25,288 DEBUG SimpleValueBinder:422 - Starting fillSimpleValue for id
15:04:25,289 DEBUG SimpleValueBinder:422 - Starting fillSimpleValue for text
15:04:25,290 DEBUG Configuration:1482 - Processing fk mappings (*ToOne and JoinedSubclass)
15:04:25,292 DEBUG Configuration:1687 - Processing extends queue
15:04:25,296 DEBUG Configuration:1745 - Processing extends queue
15:04:25,296 DEBUG Configuration:1690 - Processing collection mappings
15:04:25,296 DEBUG Configuration:1700 - Processing native query and ResultSetMapping mappings
15:04:25,297 DEBUG Configuration:1708 - Processing association property references
15:04:25,297 DEBUG Configuration:1730 - Creating tables' unique integer identifiers
15:04:25,297 DEBUG Configuration:1731 - Processing foreign key constraints
15:04:25,302 TRACE AbstractServiceRegistryImpl:221 - Initializing service [role=org.hibernate.engine.transaction.jta.platform.spi.JtaPlatform]
15:04:25,303 DEBUG JtaPlatformInitiator:59 - No JtaPlatform was specified, checking resolver
15:04:25,303 TRACE AbstractServiceRegistryImpl:221 - Initializing service [role=org.hibernate.engine.transaction.jta.platform.spi.JtaPlatformResolver]
15:04:25,303 DEBUG JtaPlatformResolverInitiator:50 - No JtaPlatformResolver was specified, using default [org.hibernate.engine.transaction.jta.platform.internal.StandardJtaPlatformResolver]
15:04:25,305 DEBUG StandardJtaPlatformResolver:118 - Could not resolve JtaPlatform, using default [org.hibernate.engine.transaction.jta.platform.internal.NoJtaPlatform]
15:04:25,309 DEBUG SettingsFactory:122 - Automatic flush during beforeCompletion(): disabled
15:04:25,309 DEBUG SettingsFactory:128 - Automatic session close at end of transaction: disabled
15:04:25,309 DEBUG SettingsFactory:139 - JDBC batch size: 15
15:04:25,309 DEBUG SettingsFactory:145 - JDBC batch updates for versioned data: disabled
15:04:25,309 DEBUG SettingsFactory:155 - Scrollable result sets: enabled
15:04:25,311 DEBUG SettingsFactory:161 - Wrap result sets: disabled
15:04:25,311 DEBUG SettingsFactory:167 - JDBC3 getGeneratedKeys(): enabled
15:04:25,311 DEBUG SettingsFactory:179 - multi-tenancy strategy : NONE
15:04:25,312 DEBUG SettingsFactory:185 - Connection release mode: auto
15:04:25,312 TRACE AbstractServiceRegistryImpl:221 - Initializing service [role=org.hibernate.engine.transaction.spi.TransactionFactory]
15:04:25,312  INFO TransactionFactoryInitiator:62 - HHH000399: Using default transaction strategy (direct JDBC transactions)
15:04:25,314 TRACE BatchFetchStyle:67 - Interpreting BatchFetchStyle from setting : null
15:04:25,315 DEBUG SettingsFactory:207 - Using BatchFetchStyle : LEGACY
15:04:25,316 DEBUG SettingsFactory:226 - Maximum outer join fetch depth: 2
15:04:25,316 DEBUG SettingsFactory:232 - Default batch fetch size: 1
15:04:25,317 DEBUG SettingsFactory:238 - Generate SQL with comments: disabled
15:04:25,318 DEBUG SettingsFactory:244 - Order SQL updates by primary key: disabled
15:04:25,319 DEBUG SettingsFactory:250 - Order SQL inserts for batching: disabled
15:04:25,319 DEBUG SettingsFactory:258 - Default null ordering: none
15:04:25,320 DEBUG SettingsFactory:501 - Query translator: org.hibernate.hql.internal.ast.ASTQueryTranslatorFactory
15:04:25,321  INFO ASTQueryTranslatorFactory:47 - HHH000397: Using ASTQueryTranslatorFactory
15:04:25,321 DEBUG SettingsFactory:268 - Query language substitutions: {}
15:04:25,322 DEBUG SettingsFactory:274 - JPA-QL strict compliance: disabled
15:04:25,322 DEBUG SettingsFactory:282 - Second-level cache: enabled
15:04:25,322 DEBUG SettingsFactory:288 - Query cache: disabled
15:04:25,322 TRACE AbstractServiceRegistryImpl:221 - Initializing service [role=org.hibernate.cache.spi.RegionFactory]
15:04:25,323 DEBUG RegionFactoryInitiator:105 - Cache region factory : org.hibernate.cache.internal.NoCachingRegionFactory
15:04:25,330 DEBUG SettingsFactory:301 - Optimize cache for minimal puts: disabled
15:04:25,330 DEBUG SettingsFactory:316 - Structured second-level cache entries: disabled
15:04:25,330 DEBUG SettingsFactory:326 - Second-level cache direct-reference entries: disabled
15:04:25,330 DEBUG SettingsFactory:332 - Automatic eviction of collection cache: disabled
15:04:25,330 DEBUG SettingsFactory:340 - Statistics: disabled
15:04:25,330 DEBUG SettingsFactory:346 - Deleted entity synthetic identifier rollback: disabled
15:04:25,330 DEBUG SettingsFactory:373 - Default entity-mode: pojo
15:04:25,331 DEBUG SettingsFactory:379 - Named query checking : enabled
15:04:25,331 DEBUG SettingsFactory:385 - Check Nullability in Core (should be disabled when Bean Validation is on): enabled
15:04:25,334 DEBUG SettingsFactory:403 - Allow initialization of lazy state outside session : : disabled
15:04:25,334 DEBUG SettingsFactory:413 - JTA Track by Thread: enabled
15:04:25,344 DEBUG SessionFactoryImpl:229 - Building session factory
15:04:25,345 TRACE AbstractServiceRegistryImpl:221 - Initializing service [role=org.hibernate.service.spi.SessionFactoryServiceRegistryFactory]
15:04:25,349 TRACE AbstractServiceRegistryImpl:221 - Initializing service [role=org.hibernate.engine.spi.CacheImplementor]
15:04:25,354 TRACE TypeFactory:72 - Scoping types to session factory org.hibernate.internal.SessionFactoryImpl@7bedc48a
15:04:25,355 DEBUG SessionFactoryImpl:285 - Session factory constructed with filter configurations : {}
15:04:25,355 DEBUG SessionFactoryImpl:286 - Instantiating session factory with properties: {java.runtime.name=Java(TM) SE Runtime Environment, hibernate.connection.password=opessoftware, sun.boot.library.path=/usr/lib/jvm/java-8-oracle/jre/lib/amd64, java.vm.version=25.101-b13, hibernate.connection.username=root, java.vm.vendor=Oracle Corporation, java.vendor.url=http://java.oracle.com/, path.separator=:, java.vm.name=Java HotSpot(TM) 64-Bit Server VM, file.encoding.pkg=sun.io, user.country=CA, sun.java.launcher=SUN_STANDARD, sun.os.patch.level=unknown, java.vm.specification.name=Java Virtual Machine Specification, user.dir=/home/jose/JavaJpaCourse/lab3, java.runtime.version=1.8.0_101-b13, java.awt.graphicsenv=sun.awt.X11GraphicsEnvironment, java.endorsed.dirs=/usr/lib/jvm/java-8-oracle/jre/lib/endorsed, os.arch=amd64, java.io.tmpdir=/tmp, line.separator=
, java.vm.specification.vendor=Oracle Corporation, os.name=Linux, sun.jnu.encoding=UTF-8, java.library.path=/usr/java/packages/lib/amd64:/usr/lib64:/lib64:/lib:/usr/lib, java.specification.name=Java Platform API Specification, java.class.version=52.0, sun.management.compiler=HotSpot 64-Bit Tiered Compilers, os.version=4.4.0-38-generic, user.home=/home/jose, connection.password=opessoftware, user.timezone=America/Toronto, java.awt.printerjob=sun.print.PSPrinterJob, connection.username=root, java.specification.version=1.8, file.encoding=UTF-8, hibernate.connection.driver_class=com.mysql.jdbc.Driver, show_sql=true, java.class.path=/home/jose/JavaJpaCourse/lab3/bin:/home/jose/JavaJpaCourse/lab3/lib/antlr-2.7.7.jar:/home/jose/JavaJpaCourse/lab3/lib/dom4j-1.6.1.jar:/home/jose/JavaJpaCourse/lab3/lib/hibernate-commons-annotations-4.0.4.Final.jar:/home/jose/JavaJpaCourse/lab3/lib/hibernate-core-4.3.5.Final.jar:/home/jose/JavaJpaCourse/lab3/lib/hibernate-jpa-2.1-api-1.0.0.Final.jar:/home/jose/JavaJpaCourse/lab3/lib/jandex-1.1.0.Final.jar:/home/jose/JavaJpaCourse/lab3/lib/javassist-3.18.1-GA.jar:/home/jose/JavaJpaCourse/lab3/lib/jboss-logging-3.1.3.GA.jar:/home/jose/JavaJpaCourse/lab3/lib/jboss-logging-annotations-1.2.0.Beta1.jar:/home/jose/JavaJpaCourse/lab3/lib/jboss-transaction-api_1.2_spec-1.0.0.Final.jar:/home/jose/JavaJpaCourse/lab3/lib/log4j-1.2.17.jar:/home/jose/JavaJpaCourse/lab3/lib/mysql-connector-java-5.1.29-bin.jar, user.name=jose, hibernate.bytecode.use_reflection_optimizer=false, hibernate.show_sql=true, java.vm.specification.version=1.8, sun.arch.data.model=64, java.home=/usr/lib/jvm/java-8-oracle/jre, sun.java.command=client.HelloWorldClient, hibernate.connection.url=jdbc:mysql://localhost:3306/hello-world, hibernate.dialect=org.hibernate.dialect.MySQLDialect, java.specification.vendor=Oracle Corporation, user.language=en, awt.toolkit=sun.awt.X11.XToolkit, java.vm.info=mixed mode, java.version=1.8.0_101, java.ext.dirs=/usr/lib/jvm/java-8-oracle/jre/lib/ext:/usr/java/packages/lib/ext, sun.boot.class.path=/usr/lib/jvm/java-8-oracle/jre/lib/resources.jar:/usr/lib/jvm/java-8-oracle/jre/lib/rt.jar:/usr/lib/jvm/java-8-oracle/jre/lib/sunrsasign.jar:/usr/lib/jvm/java-8-oracle/jre/lib/jsse.jar:/usr/lib/jvm/java-8-oracle/jre/lib/jce.jar:/usr/lib/jvm/java-8-oracle/jre/lib/charsets.jar:/usr/lib/jvm/java-8-oracle/jre/lib/jfr.jar:/usr/lib/jvm/java-8-oracle/jre/classes, java.vendor=Oracle Corporation, file.separator=/, connection.driver_class=com.mysql.jdbc.Driver, java.vendor.url.bug=http://bugreport.sun.com/bugreport/, sun.cpu.endian=little, sun.io.unicode.encoding=UnicodeLittle, connection.url=jdbc:mysql://localhost:3306/hello-world, sun.cpu.isalist=, dialect=org.hibernate.dialect.MySQLDialect}
15:04:25,361 DEBUG JaccIntegrator:90 - Skipping JACC integration as it was not enabled
15:04:25,362 DEBUG DefaultIdentifierGeneratorFactory:107 - Setting dialect [org.hibernate.dialect.MySQLDialect]
15:04:25,362 TRACE AbstractServiceRegistryImpl:221 - Initializing service [role=org.hibernate.persister.spi.PersisterFactory]
15:04:25,377 TRACE AbstractServiceRegistryImpl:221 - Initializing service [role=org.hibernate.persister.spi.PersisterClassResolver]
15:04:25,557 TRACE AbstractPropertyMapping:143 - Skipping duplicate registration of path [text], existing type = [org.hibernate.type.StringType@4aa8f0b4], incoming type = [org.hibernate.type.StringType@4aa8f0b4]
15:04:25,558 TRACE AbstractPropertyMapping:143 - Skipping duplicate registration of path [id], existing type = [org.hibernate.type.LongType@36aa7bc2], incoming type = [org.hibernate.type.LongType@36aa7bc2]
15:04:25,567 DEBUG AbstractEntityPersister:3676 - Static SQL for entity: entity.Message
15:04:25,567 DEBUG AbstractEntityPersister:3681 -  Version select: select ID from message where ID =?
15:04:25,567 DEBUG AbstractEntityPersister:3684 -  Snapshot select: select message_.ID, message_.TEXT as TEXT2_0_ from message message_ where message_.ID=?
15:04:25,568 DEBUG AbstractEntityPersister:3687 -  Insert 0: insert into message (TEXT, ID) values (?, ?)
15:04:25,568 DEBUG AbstractEntityPersister:3688 -  Update 0: update message set TEXT=? where ID=?
15:04:25,568 DEBUG AbstractEntityPersister:3689 -  Delete 0: delete from message where ID=?
15:04:25,568 DEBUG AbstractEntityPersister:3692 -  Identity insert: insert into message (TEXT) values (?)
15:04:25,583 TRACE AbstractLoadPlanBuildingAssociationVisitationStrategy:188 -  Starting root entity : entity.Message
15:04:25,587 DEBUG QuerySpacesImpl:177 - Adding QuerySpace : uid = <gen:0> -> org.hibernate.loader.plan.build.internal.spaces.EntityQuerySpaceImpl@8458f04]
15:04:25,588 TRACE AbstractLoadPlanBuildingAssociationVisitationStrategy:129 - Pushing fetch source to stack : org.hibernate.loader.plan.build.internal.returns.EntityReturnImpl@7a35b0f5
15:04:25,589 TRACE AbstractLoadPlanBuildingAssociationVisitationStrategy:664 - .. Registering AssociationKey : AssociationKey(table=message, columns={ID}) -> org.hibernate.loader.plan.build.internal.returns.EntityReturnImpl@7a35b0f5
15:04:25,589 TRACE AbstractLoadPlanBuildingAssociationVisitationStrategy:255 - >> Starting entity identifier : entity.Message
15:04:25,589 DEBUG MetamodelGraphWalker:154 - Visiting attribute path : text
15:04:25,589 TRACE AbstractLoadPlanBuildingAssociationVisitationStrategy:563 - >> Starting attribute Attribute(name=text, type=string [non-identifier])
15:04:25,589 TRACE AbstractLoadPlanBuildingAssociationVisitationStrategy:644 - << Finishing up attribute : Attribute(name=text, type=string [non-identifier])
15:04:25,589 TRACE AbstractLoadPlanBuildingAssociationVisitationStrategy:136 - Popped fetch owner from stack : org.hibernate.loader.plan.build.internal.returns.EntityReturnImpl@7a35b0f5
15:04:25,590 TRACE AbstractLoadPlanBuildingAssociationVisitationStrategy:224 -  Finished root entity : entity.Message
15:04:25,590 DEBUG FetchStyleLoadPlanBuildingAssociationVisitationStrategy:94 - Building LoadPlan...
15:04:25,602 DEBUG LoadQueryJoinAndFetchProcessor:111 - processing queryspace <gen:0>
15:04:25,606 DEBUG LoadPlanTreePrinter:72 - LoadPlan(entity=entity.Message)
    - Returns
       - EntityReturnImpl(entity=entity.Message, querySpaceUid=<gen:0>, path=entity.Message)
    - QuerySpaces
       - EntityQuerySpaceImpl(uid=<gen:0>, entity=entity.Message)
          - SQL table alias mapping - message0_
          - alias suffix - 0_
          - suffixed key columns - {ID1_0_0_}

15:04:25,608 DEBUG EntityLoader:146 - Static select for entity entity.Message [NONE]: select message0_.ID as ID1_0_0_, message0_.TEXT as TEXT2_0_0_ from message message0_ where message0_.ID=?
15:04:25,608 TRACE AbstractLoadPlanBuildingAssociationVisitationStrategy:188 -  Starting root entity : entity.Message
15:04:25,608 DEBUG QuerySpacesImpl:177 - Adding QuerySpace : uid = <gen:0> -> org.hibernate.loader.plan.build.internal.spaces.EntityQuerySpaceImpl@72bc6553]
15:04:25,608 TRACE AbstractLoadPlanBuildingAssociationVisitationStrategy:129 - Pushing fetch source to stack : org.hibernate.loader.plan.build.internal.returns.EntityReturnImpl@66982506
15:04:25,609 TRACE AbstractLoadPlanBuildingAssociationVisitationStrategy:664 - .. Registering AssociationKey : AssociationKey(table=message, columns={ID}) -> org.hibernate.loader.plan.build.internal.returns.EntityReturnImpl@66982506
15:04:25,609 TRACE AbstractLoadPlanBuildingAssociationVisitationStrategy:255 - >> Starting entity identifier : entity.Message
15:04:25,609 DEBUG MetamodelGraphWalker:154 - Visiting attribute path : text
15:04:25,609 TRACE AbstractLoadPlanBuildingAssociationVisitationStrategy:563 - >> Starting attribute Attribute(name=text, type=string [non-identifier])
15:04:25,609 TRACE AbstractLoadPlanBuildingAssociationVisitationStrategy:644 - << Finishing up attribute : Attribute(name=text, type=string [non-identifier])
15:04:25,609 TRACE AbstractLoadPlanBuildingAssociationVisitationStrategy:136 - Popped fetch owner from stack : org.hibernate.loader.plan.build.internal.returns.EntityReturnImpl@66982506
15:04:25,609 TRACE AbstractLoadPlanBuildingAssociationVisitationStrategy:224 -  Finished root entity : entity.Message
15:04:25,609 DEBUG FetchStyleLoadPlanBuildingAssociationVisitationStrategy:94 - Building LoadPlan...
15:04:25,610 DEBUG LoadQueryJoinAndFetchProcessor:111 - processing queryspace <gen:0>
15:04:25,610 DEBUG LoadPlanTreePrinter:72 - LoadPlan(entity=entity.Message)
    - Returns
       - EntityReturnImpl(entity=entity.Message, querySpaceUid=<gen:0>, path=entity.Message)
    - QuerySpaces
       - EntityQuerySpaceImpl(uid=<gen:0>, entity=entity.Message)
          - SQL table alias mapping - message0_
          - alias suffix - 0_
          - suffixed key columns - {ID1_0_0_}

15:04:25,610 DEBUG EntityLoader:146 - Static select for entity entity.Message [READ]: select message0_.ID as ID1_0_0_, message0_.TEXT as TEXT2_0_0_ from message message0_ where message0_.ID=?
15:04:25,610 TRACE AbstractLoadPlanBuildingAssociationVisitationStrategy:188 -  Starting root entity : entity.Message
15:04:25,610 DEBUG QuerySpacesImpl:177 - Adding QuerySpace : uid = <gen:0> -> org.hibernate.loader.plan.build.internal.spaces.EntityQuerySpaceImpl@70cf32e3]
15:04:25,611 TRACE AbstractLoadPlanBuildingAssociationVisitationStrategy:129 - Pushing fetch source to stack : org.hibernate.loader.plan.build.internal.returns.EntityReturnImpl@5a59ca5e
15:04:25,611 TRACE AbstractLoadPlanBuildingAssociationVisitationStrategy:664 - .. Registering AssociationKey : AssociationKey(table=message, columns={ID}) -> org.hibernate.loader.plan.build.internal.returns.EntityReturnImpl@5a59ca5e
15:04:25,611 TRACE AbstractLoadPlanBuildingAssociationVisitationStrategy:255 - >> Starting entity identifier : entity.Message
15:04:25,611 DEBUG MetamodelGraphWalker:154 - Visiting attribute path : text
15:04:25,611 TRACE AbstractLoadPlanBuildingAssociationVisitationStrategy:563 - >> Starting attribute Attribute(name=text, type=string [non-identifier])
15:04:25,611 TRACE AbstractLoadPlanBuildingAssociationVisitationStrategy:644 - << Finishing up attribute : Attribute(name=text, type=string [non-identifier])
15:04:25,613 TRACE AbstractLoadPlanBuildingAssociationVisitationStrategy:136 - Popped fetch owner from stack : org.hibernate.loader.plan.build.internal.returns.EntityReturnImpl@5a59ca5e
15:04:25,616 TRACE AbstractLoadPlanBuildingAssociationVisitationStrategy:224 -  Finished root entity : entity.Message
15:04:25,616 DEBUG FetchStyleLoadPlanBuildingAssociationVisitationStrategy:94 - Building LoadPlan...
15:04:25,616 DEBUG LoadQueryJoinAndFetchProcessor:111 - processing queryspace <gen:0>
15:04:25,617 DEBUG LoadPlanTreePrinter:72 - LoadPlan(entity=entity.Message)
    - Returns
       - EntityReturnImpl(entity=entity.Message, querySpaceUid=<gen:0>, path=entity.Message)
    - QuerySpaces
       - EntityQuerySpaceImpl(uid=<gen:0>, entity=entity.Message)
          - SQL table alias mapping - message0_
          - alias suffix - 0_
          - suffixed key columns - {ID1_0_0_}

15:04:25,617 DEBUG EntityLoader:146 - Static select for entity entity.Message [UPGRADE]: select message0_.ID as ID1_0_0_, message0_.TEXT as TEXT2_0_0_ from message message0_ where message0_.ID=? for update
15:04:25,617 TRACE AbstractLoadPlanBuildingAssociationVisitationStrategy:188 -  Starting root entity : entity.Message
15:04:25,617 DEBUG QuerySpacesImpl:177 - Adding QuerySpace : uid = <gen:0> -> org.hibernate.loader.plan.build.internal.spaces.EntityQuerySpaceImpl@4bdeaabb]
15:04:25,617 TRACE AbstractLoadPlanBuildingAssociationVisitationStrategy:129 - Pushing fetch source to stack : org.hibernate.loader.plan.build.internal.returns.EntityReturnImpl@6c4906d3
15:04:25,617 TRACE AbstractLoadPlanBuildingAssociationVisitationStrategy:664 - .. Registering AssociationKey : AssociationKey(table=message, columns={ID}) -> org.hibernate.loader.plan.build.internal.returns.EntityReturnImpl@6c4906d3
15:04:25,617 TRACE AbstractLoadPlanBuildingAssociationVisitationStrategy:255 - >> Starting entity identifier : entity.Message
15:04:25,617 DEBUG MetamodelGraphWalker:154 - Visiting attribute path : text
15:04:25,618 TRACE AbstractLoadPlanBuildingAssociationVisitationStrategy:563 - >> Starting attribute Attribute(name=text, type=string [non-identifier])
15:04:25,618 TRACE AbstractLoadPlanBuildingAssociationVisitationStrategy:644 - << Finishing up attribute : Attribute(name=text, type=string [non-identifier])
15:04:25,618 TRACE AbstractLoadPlanBuildingAssociationVisitationStrategy:136 - Popped fetch owner from stack : org.hibernate.loader.plan.build.internal.returns.EntityReturnImpl@6c4906d3
15:04:25,618 TRACE AbstractLoadPlanBuildingAssociationVisitationStrategy:224 -  Finished root entity : entity.Message
15:04:25,618 DEBUG FetchStyleLoadPlanBuildingAssociationVisitationStrategy:94 - Building LoadPlan...
15:04:25,618 DEBUG LoadQueryJoinAndFetchProcessor:111 - processing queryspace <gen:0>
15:04:25,618 DEBUG LoadPlanTreePrinter:72 - LoadPlan(entity=entity.Message)
    - Returns
       - EntityReturnImpl(entity=entity.Message, querySpaceUid=<gen:0>, path=entity.Message)
    - QuerySpaces
       - EntityQuerySpaceImpl(uid=<gen:0>, entity=entity.Message)
          - SQL table alias mapping - message0_
          - alias suffix - 0_
          - suffixed key columns - {ID1_0_0_}

15:04:25,619 DEBUG EntityLoader:146 - Static select for entity entity.Message [UPGRADE_NOWAIT]: select message0_.ID as ID1_0_0_, message0_.TEXT as TEXT2_0_0_ from message message0_ where message0_.ID=? for update
15:04:25,619 TRACE AbstractLoadPlanBuildingAssociationVisitationStrategy:188 -  Starting root entity : entity.Message
15:04:25,619 DEBUG QuerySpacesImpl:177 - Adding QuerySpace : uid = <gen:0> -> org.hibernate.loader.plan.build.internal.spaces.EntityQuerySpaceImpl@65987993]
15:04:25,619 TRACE AbstractLoadPlanBuildingAssociationVisitationStrategy:129 - Pushing fetch source to stack : org.hibernate.loader.plan.build.internal.returns.EntityReturnImpl@71075444
15:04:25,619 TRACE AbstractLoadPlanBuildingAssociationVisitationStrategy:664 - .. Registering AssociationKey : AssociationKey(table=message, columns={ID}) -> org.hibernate.loader.plan.build.internal.returns.EntityReturnImpl@71075444
15:04:25,619 TRACE AbstractLoadPlanBuildingAssociationVisitationStrategy:255 - >> Starting entity identifier : entity.Message
15:04:25,619 DEBUG MetamodelGraphWalker:154 - Visiting attribute path : text
15:04:25,619 TRACE AbstractLoadPlanBuildingAssociationVisitationStrategy:563 - >> Starting attribute Attribute(name=text, type=string [non-identifier])
15:04:25,620 TRACE AbstractLoadPlanBuildingAssociationVisitationStrategy:644 - << Finishing up attribute : Attribute(name=text, type=string [non-identifier])
15:04:25,620 TRACE AbstractLoadPlanBuildingAssociationVisitationStrategy:136 - Popped fetch owner from stack : org.hibernate.loader.plan.build.internal.returns.EntityReturnImpl@71075444
15:04:25,620 TRACE AbstractLoadPlanBuildingAssociationVisitationStrategy:224 -  Finished root entity : entity.Message
15:04:25,620 DEBUG FetchStyleLoadPlanBuildingAssociationVisitationStrategy:94 - Building LoadPlan...
15:04:25,620 DEBUG LoadQueryJoinAndFetchProcessor:111 - processing queryspace <gen:0>
15:04:25,620 DEBUG LoadPlanTreePrinter:72 - LoadPlan(entity=entity.Message)
    - Returns
       - EntityReturnImpl(entity=entity.Message, querySpaceUid=<gen:0>, path=entity.Message)
    - QuerySpaces
       - EntityQuerySpaceImpl(uid=<gen:0>, entity=entity.Message)
          - SQL table alias mapping - message0_
          - alias suffix - 0_
          - suffixed key columns - {ID1_0_0_}

15:04:25,621 DEBUG EntityLoader:146 - Static select for entity entity.Message [UPGRADE_SKIPLOCKED]: select message0_.ID as ID1_0_0_, message0_.TEXT as TEXT2_0_0_ from message message0_ where message0_.ID=? for update
15:04:25,621 TRACE AbstractLoadPlanBuildingAssociationVisitationStrategy:188 -  Starting root entity : entity.Message
15:04:25,622 DEBUG QuerySpacesImpl:177 - Adding QuerySpace : uid = <gen:0> -> org.hibernate.loader.plan.build.internal.spaces.EntityQuerySpaceImpl@4f32a3ad]
15:04:25,622 TRACE AbstractLoadPlanBuildingAssociationVisitationStrategy:129 - Pushing fetch source to stack : org.hibernate.loader.plan.build.internal.returns.EntityReturnImpl@6b695b06
15:04:25,622 TRACE AbstractLoadPlanBuildingAssociationVisitationStrategy:664 - .. Registering AssociationKey : AssociationKey(table=message, columns={ID}) -> org.hibernate.loader.plan.build.internal.returns.EntityReturnImpl@6b695b06
15:04:25,622 TRACE AbstractLoadPlanBuildingAssociationVisitationStrategy:255 - >> Starting entity identifier : entity.Message
15:04:25,622 DEBUG MetamodelGraphWalker:154 - Visiting attribute path : text
15:04:25,622 TRACE AbstractLoadPlanBuildingAssociationVisitationStrategy:563 - >> Starting attribute Attribute(name=text, type=string [non-identifier])
15:04:25,623 TRACE AbstractLoadPlanBuildingAssociationVisitationStrategy:644 - << Finishing up attribute : Attribute(name=text, type=string [non-identifier])
15:04:25,623 TRACE AbstractLoadPlanBuildingAssociationVisitationStrategy:136 - Popped fetch owner from stack : org.hibernate.loader.plan.build.internal.returns.EntityReturnImpl@6b695b06
15:04:25,623 TRACE AbstractLoadPlanBuildingAssociationVisitationStrategy:224 -  Finished root entity : entity.Message
15:04:25,623 DEBUG FetchStyleLoadPlanBuildingAssociationVisitationStrategy:94 - Building LoadPlan...
15:04:25,623 DEBUG LoadQueryJoinAndFetchProcessor:111 - processing queryspace <gen:0>
15:04:25,624 DEBUG LoadPlanTreePrinter:72 - LoadPlan(entity=entity.Message)
    - Returns
       - EntityReturnImpl(entity=entity.Message, querySpaceUid=<gen:0>, path=entity.Message)
    - QuerySpaces
       - EntityQuerySpaceImpl(uid=<gen:0>, entity=entity.Message)
          - SQL table alias mapping - message0_
          - alias suffix - 0_
          - suffixed key columns - {ID1_0_0_}

15:04:25,624 DEBUG EntityLoader:146 - Static select for entity entity.Message [FORCE]: select message0_.ID as ID1_0_0_, message0_.TEXT as TEXT2_0_0_ from message message0_ where message0_.ID=? for update
15:04:25,624 TRACE AbstractLoadPlanBuildingAssociationVisitationStrategy:188 -  Starting root entity : entity.Message
15:04:25,624 DEBUG QuerySpacesImpl:177 - Adding QuerySpace : uid = <gen:0> -> org.hibernate.loader.plan.build.internal.spaces.EntityQuerySpaceImpl@4d1bf319]
15:04:25,624 TRACE AbstractLoadPlanBuildingAssociationVisitationStrategy:129 - Pushing fetch source to stack : org.hibernate.loader.plan.build.internal.returns.EntityReturnImpl@6f53b8a
15:04:25,624 TRACE AbstractLoadPlanBuildingAssociationVisitationStrategy:664 - .. Registering AssociationKey : AssociationKey(table=message, columns={ID}) -> org.hibernate.loader.plan.build.internal.returns.EntityReturnImpl@6f53b8a
15:04:25,624 TRACE AbstractLoadPlanBuildingAssociationVisitationStrategy:255 - >> Starting entity identifier : entity.Message
15:04:25,624 DEBUG MetamodelGraphWalker:154 - Visiting attribute path : text
15:04:25,625 TRACE AbstractLoadPlanBuildingAssociationVisitationStrategy:563 - >> Starting attribute Attribute(name=text, type=string [non-identifier])
15:04:25,625 TRACE AbstractLoadPlanBuildingAssociationVisitationStrategy:644 - << Finishing up attribute : Attribute(name=text, type=string [non-identifier])
15:04:25,625 TRACE AbstractLoadPlanBuildingAssociationVisitationStrategy:136 - Popped fetch owner from stack : org.hibernate.loader.plan.build.internal.returns.EntityReturnImpl@6f53b8a
15:04:25,625 TRACE AbstractLoadPlanBuildingAssociationVisitationStrategy:224 -  Finished root entity : entity.Message
15:04:25,625 DEBUG FetchStyleLoadPlanBuildingAssociationVisitationStrategy:94 - Building LoadPlan...
15:04:25,625 DEBUG LoadQueryJoinAndFetchProcessor:111 - processing queryspace <gen:0>
15:04:25,625 DEBUG LoadPlanTreePrinter:72 - LoadPlan(entity=entity.Message)
    - Returns
       - EntityReturnImpl(entity=entity.Message, querySpaceUid=<gen:0>, path=entity.Message)
    - QuerySpaces
       - EntityQuerySpaceImpl(uid=<gen:0>, entity=entity.Message)
          - SQL table alias mapping - message0_
          - alias suffix - 0_
          - suffixed key columns - {ID1_0_0_}

15:04:25,626 DEBUG EntityLoader:146 - Static select for entity entity.Message [PESSIMISTIC_READ]: select message0_.ID as ID1_0_0_, message0_.TEXT as TEXT2_0_0_ from message message0_ where message0_.ID=? lock in share mode
15:04:25,626 TRACE AbstractLoadPlanBuildingAssociationVisitationStrategy:188 -  Starting root entity : entity.Message
15:04:25,626 DEBUG QuerySpacesImpl:177 - Adding QuerySpace : uid = <gen:0> -> org.hibernate.loader.plan.build.internal.spaces.EntityQuerySpaceImpl@5c80cf32]
15:04:25,626 TRACE AbstractLoadPlanBuildingAssociationVisitationStrategy:129 - Pushing fetch source to stack : org.hibernate.loader.plan.build.internal.returns.EntityReturnImpl@7d900ecf
15:04:25,626 TRACE AbstractLoadPlanBuildingAssociationVisitationStrategy:664 - .. Registering AssociationKey : AssociationKey(table=message, columns={ID}) -> org.hibernate.loader.plan.build.internal.returns.EntityReturnImpl@7d900ecf
15:04:25,626 TRACE AbstractLoadPlanBuildingAssociationVisitationStrategy:255 - >> Starting entity identifier : entity.Message
15:04:25,626 DEBUG MetamodelGraphWalker:154 - Visiting attribute path : text
15:04:25,627 TRACE AbstractLoadPlanBuildingAssociationVisitationStrategy:563 - >> Starting attribute Attribute(name=text, type=string [non-identifier])
15:04:25,627 TRACE AbstractLoadPlanBuildingAssociationVisitationStrategy:644 - << Finishing up attribute : Attribute(name=text, type=string [non-identifier])
15:04:25,628 TRACE AbstractLoadPlanBuildingAssociationVisitationStrategy:136 - Popped fetch owner from stack : org.hibernate.loader.plan.build.internal.returns.EntityReturnImpl@7d900ecf
15:04:25,628 TRACE AbstractLoadPlanBuildingAssociationVisitationStrategy:224 -  Finished root entity : entity.Message
15:04:25,628 DEBUG FetchStyleLoadPlanBuildingAssociationVisitationStrategy:94 - Building LoadPlan...
15:04:25,628 DEBUG LoadQueryJoinAndFetchProcessor:111 - processing queryspace <gen:0>
15:04:25,628 DEBUG LoadPlanTreePrinter:72 - LoadPlan(entity=entity.Message)
    - Returns
       - EntityReturnImpl(entity=entity.Message, querySpaceUid=<gen:0>, path=entity.Message)
    - QuerySpaces
       - EntityQuerySpaceImpl(uid=<gen:0>, entity=entity.Message)
          - SQL table alias mapping - message0_
          - alias suffix - 0_
          - suffixed key columns - {ID1_0_0_}

15:04:25,628 DEBUG EntityLoader:146 - Static select for entity entity.Message [PESSIMISTIC_WRITE]: select message0_.ID as ID1_0_0_, message0_.TEXT as TEXT2_0_0_ from message message0_ where message0_.ID=? for update
15:04:25,629 TRACE AbstractLoadPlanBuildingAssociationVisitationStrategy:188 -  Starting root entity : entity.Message
15:04:25,629 DEBUG QuerySpacesImpl:177 - Adding QuerySpace : uid = <gen:0> -> org.hibernate.loader.plan.build.internal.spaces.EntityQuerySpaceImpl@6f01b95f]
15:04:25,629 TRACE AbstractLoadPlanBuildingAssociationVisitationStrategy:129 - Pushing fetch source to stack : org.hibernate.loader.plan.build.internal.returns.EntityReturnImpl@4007f65e
15:04:25,629 TRACE AbstractLoadPlanBuildingAssociationVisitationStrategy:664 - .. Registering AssociationKey : AssociationKey(table=message, columns={ID}) -> org.hibernate.loader.plan.build.internal.returns.EntityReturnImpl@4007f65e
15:04:25,630 TRACE AbstractLoadPlanBuildingAssociationVisitationStrategy:255 - >> Starting entity identifier : entity.Message
15:04:25,630 DEBUG MetamodelGraphWalker:154 - Visiting attribute path : text
15:04:25,631 TRACE AbstractLoadPlanBuildingAssociationVisitationStrategy:563 - >> Starting attribute Attribute(name=text, type=string [non-identifier])
15:04:25,631 TRACE AbstractLoadPlanBuildingAssociationVisitationStrategy:644 - << Finishing up attribute : Attribute(name=text, type=string [non-identifier])
15:04:25,631 TRACE AbstractLoadPlanBuildingAssociationVisitationStrategy:136 - Popped fetch owner from stack : org.hibernate.loader.plan.build.internal.returns.EntityReturnImpl@4007f65e
15:04:25,631 TRACE AbstractLoadPlanBuildingAssociationVisitationStrategy:224 -  Finished root entity : entity.Message
15:04:25,631 DEBUG FetchStyleLoadPlanBuildingAssociationVisitationStrategy:94 - Building LoadPlan...
15:04:25,631 DEBUG LoadQueryJoinAndFetchProcessor:111 - processing queryspace <gen:0>
15:04:25,632 DEBUG LoadPlanTreePrinter:72 - LoadPlan(entity=entity.Message)
    - Returns
       - EntityReturnImpl(entity=entity.Message, querySpaceUid=<gen:0>, path=entity.Message)
    - QuerySpaces
       - EntityQuerySpaceImpl(uid=<gen:0>, entity=entity.Message)
          - SQL table alias mapping - message0_
          - alias suffix - 0_
          - suffixed key columns - {ID1_0_0_}

15:04:25,632 DEBUG EntityLoader:146 - Static select for entity entity.Message [PESSIMISTIC_FORCE_INCREMENT]: select message0_.ID as ID1_0_0_, message0_.TEXT as TEXT2_0_0_ from message message0_ where message0_.ID=? for update
15:04:25,632 TRACE AbstractLoadPlanBuildingAssociationVisitationStrategy:188 -  Starting root entity : entity.Message
15:04:25,632 DEBUG QuerySpacesImpl:177 - Adding QuerySpace : uid = <gen:0> -> org.hibernate.loader.plan.build.internal.spaces.EntityQuerySpaceImpl@1a245833]
15:04:25,632 TRACE AbstractLoadPlanBuildingAssociationVisitationStrategy:129 - Pushing fetch source to stack : org.hibernate.loader.plan.build.internal.returns.EntityReturnImpl@673fdbce
15:04:25,632 TRACE AbstractLoadPlanBuildingAssociationVisitationStrategy:664 - .. Registering AssociationKey : AssociationKey(table=message, columns={ID}) -> org.hibernate.loader.plan.build.internal.returns.EntityReturnImpl@673fdbce
15:04:25,632 TRACE AbstractLoadPlanBuildingAssociationVisitationStrategy:255 - >> Starting entity identifier : entity.Message
15:04:25,632 DEBUG MetamodelGraphWalker:154 - Visiting attribute path : text
15:04:25,633 TRACE AbstractLoadPlanBuildingAssociationVisitationStrategy:563 - >> Starting attribute Attribute(name=text, type=string [non-identifier])
15:04:25,633 TRACE AbstractLoadPlanBuildingAssociationVisitationStrategy:644 - << Finishing up attribute : Attribute(name=text, type=string [non-identifier])
15:04:25,633 TRACE AbstractLoadPlanBuildingAssociationVisitationStrategy:136 - Popped fetch owner from stack : org.hibernate.loader.plan.build.internal.returns.EntityReturnImpl@673fdbce
15:04:25,633 TRACE AbstractLoadPlanBuildingAssociationVisitationStrategy:224 -  Finished root entity : entity.Message
15:04:25,633 DEBUG FetchStyleLoadPlanBuildingAssociationVisitationStrategy:94 - Building LoadPlan...
15:04:25,633 DEBUG LoadQueryJoinAndFetchProcessor:111 - processing queryspace <gen:0>
15:04:25,636 DEBUG LoadPlanTreePrinter:72 - LoadPlan(entity=entity.Message)
    - Returns
       - EntityReturnImpl(entity=entity.Message, querySpaceUid=<gen:0>, path=entity.Message)
    - QuerySpaces
       - EntityQuerySpaceImpl(uid=<gen:0>, entity=entity.Message)
          - SQL table alias mapping - message0_
          - alias suffix - 0_
          - suffixed key columns - {ID1_0_0_}

15:04:25,637 DEBUG EntityLoader:146 - Static select for entity entity.Message [OPTIMISTIC]: select message0_.ID as ID1_0_0_, message0_.TEXT as TEXT2_0_0_ from message message0_ where message0_.ID=?
15:04:25,637 TRACE AbstractLoadPlanBuildingAssociationVisitationStrategy:188 -  Starting root entity : entity.Message
15:04:25,637 DEBUG QuerySpacesImpl:177 - Adding QuerySpace : uid = <gen:0> -> org.hibernate.loader.plan.build.internal.spaces.EntityQuerySpaceImpl@5965d37]
15:04:25,637 TRACE AbstractLoadPlanBuildingAssociationVisitationStrategy:129 - Pushing fetch source to stack : org.hibernate.loader.plan.build.internal.returns.EntityReturnImpl@7a5ceedd
15:04:25,637 TRACE AbstractLoadPlanBuildingAssociationVisitationStrategy:664 - .. Registering AssociationKey : AssociationKey(table=message, columns={ID}) -> org.hibernate.loader.plan.build.internal.returns.EntityReturnImpl@7a5ceedd
15:04:25,638 TRACE AbstractLoadPlanBuildingAssociationVisitationStrategy:255 - >> Starting entity identifier : entity.Message
15:04:25,638 DEBUG MetamodelGraphWalker:154 - Visiting attribute path : text
15:04:25,638 TRACE AbstractLoadPlanBuildingAssociationVisitationStrategy:563 - >> Starting attribute Attribute(name=text, type=string [non-identifier])
15:04:25,638 TRACE AbstractLoadPlanBuildingAssociationVisitationStrategy:644 - << Finishing up attribute : Attribute(name=text, type=string [non-identifier])
15:04:25,638 TRACE AbstractLoadPlanBuildingAssociationVisitationStrategy:136 - Popped fetch owner from stack : org.hibernate.loader.plan.build.internal.returns.EntityReturnImpl@7a5ceedd
15:04:25,638 TRACE AbstractLoadPlanBuildingAssociationVisitationStrategy:224 -  Finished root entity : entity.Message
15:04:25,638 DEBUG FetchStyleLoadPlanBuildingAssociationVisitationStrategy:94 - Building LoadPlan...
15:04:25,639 DEBUG LoadQueryJoinAndFetchProcessor:111 - processing queryspace <gen:0>
15:04:25,639 DEBUG LoadPlanTreePrinter:72 - LoadPlan(entity=entity.Message)
    - Returns
       - EntityReturnImpl(entity=entity.Message, querySpaceUid=<gen:0>, path=entity.Message)
    - QuerySpaces
       - EntityQuerySpaceImpl(uid=<gen:0>, entity=entity.Message)
          - SQL table alias mapping - message0_
          - alias suffix - 0_
          - suffixed key columns - {ID1_0_0_}

15:04:25,639 DEBUG EntityLoader:146 - Static select for entity entity.Message [OPTIMISTIC_FORCE_INCREMENT]: select message0_.ID as ID1_0_0_, message0_.TEXT as TEXT2_0_0_ from message message0_ where message0_.ID=?
15:04:25,652 DEBUG Loader:56 - Static select for action ACTION_MERGE on entity entity.Message: select message0_.ID as ID1_0_0_, message0_.TEXT as TEXT2_0_0_ from message message0_ where message0_.ID=?
15:04:25,652 DEBUG Loader:56 - Static select for action ACTION_REFRESH on entity entity.Message: select message0_.ID as ID1_0_0_, message0_.TEXT as TEXT2_0_0_ from message message0_ where message0_.ID=?
15:04:25,656 DEBUG SessionFactoryRegistry:67 - Initializing SessionFactoryRegistry : org.hibernate.internal.SessionFactoryRegistry@58e1d9d
15:04:25,656 TRACE AbstractServiceRegistryImpl:221 - Initializing service [role=org.hibernate.engine.jndi.spi.JndiService]
15:04:25,657 DEBUG SessionFactoryRegistry:89 - Registering SessionFactory: 9ff8ebb6-7210-4d25-b16c-81bd3bc7b2a7 (<unnamed>)
15:04:25,658 DEBUG SessionFactoryRegistry:96 - Not binding SessionFactory to JNDI, no JNDI name configured
15:04:25,658 DEBUG SessionFactoryImpl:505 - Instantiated session factory
15:04:25,658 DEBUG NamedQueryRepository:155 - Checking 0 named HQL queries
15:04:25,658 DEBUG NamedQueryRepository:171 - Checking 0 named SQL queries
15:04:25,662 TRACE AbstractServiceRegistryImpl:221 - Initializing service [role=org.hibernate.engine.config.spi.ConfigurationService]
15:04:25,669 TRACE AbstractServiceRegistryImpl:221 - Initializing service [role=org.hibernate.stat.spi.StatisticsImplementor]
15:04:25,671 DEBUG StatisticsInitiator:110 - Statistics initialized [enabled=false]
15:04:25,673 TRACE SessionFactoryImpl$SessionBuilderImpl:1588 - Opening Hibernate Session.  tenant=null, owner=null
15:04:25,707 TRACE SessionImpl:322 - Opened session at timestamp: 14758670656
15:04:25,708 DEBUG AbstractTransactionImpl:160 - begin
15:04:25,708 DEBUG LogicalConnectionImpl:226 - Obtaining JDBC connection
15:04:25,708 DEBUG LogicalConnectionImpl:232 - Obtained JDBC connection
15:04:25,708 DEBUG JdbcTransaction:69 - initial autocommit status: false
15:04:25,718 TRACE AbstractServiceRegistryImpl:221 - Initializing service [role=org.hibernate.event.service.spi.EventListenerRegistry]
15:04:25,752 TRACE DefaultSaveOrUpdateEventListener:180 - Saving transient instance
15:04:25,754 TRACE AbstractSaveEventListener:169 - Saving [entity.Message#<null>]
15:04:25,761 TRACE ActionQueue:213 - Adding an EntityIdentityInsertAction for [entity.Message] object
15:04:25,761 TRACE ActionQueue:173 - Executing inserts before finding non-nullable transient entities for early insert: [EntityIdentityInsertAction[entity.Message#<null>]]
15:04:25,762 TRACE ActionQueue:178 - Adding insert with no non-nullable, transient entities: [EntityIdentityInsertAction[entity.Message#<null>]]
15:04:25,763 TRACE ActionQueue:192 - Executing insertions before resolved early-insert
15:04:25,763 DEBUG ActionQueue:194 - Executing identity-insert immediately
15:04:25,764 TRACE AbstractEntityPersister:3017 - Inserting entity: entity.Message (native id)
15:04:25,767 DEBUG SQL:109 - insert into message (TEXT) values (?)
15:04:25,792 TRACE JdbcCoordinatorImpl:371 - Registering statement [com.mysql.jdbc.JDBC4PreparedStatement@78aa1f72: insert into message (TEXT) values (** NOT SPECIFIED **)]
15:04:25,794 TRACE AbstractEntityPersister:2837 - Dehydrating entity: [entity.Message#<null>]
15:04:25,798 TRACE BasicBinder:81 - binding parameter [1] as [VARCHAR] - [Hello World with Hibernate & JPA Annotations]
15:04:25,819 DEBUG IdentifierGeneratorHelper:94 - Natively generated identity: 5
15:04:25,820 TRACE JdbcCoordinatorImpl:455 - Releasing result set [com.mysql.jdbc.JDBC4ResultSet@16b2bb0c]
15:04:25,820 TRACE JdbcCoordinatorImpl:573 - Closing result set [com.mysql.jdbc.JDBC4ResultSet@16b2bb0c]
15:04:25,821 TRACE JdbcCoordinatorImpl:412 - Releasing statement [com.mysql.jdbc.JDBC4PreparedStatement@78aa1f72: insert into message (TEXT) values ('Hello World with Hibernate & JPA Annotations')]
15:04:25,822 TRACE JdbcCoordinatorImpl:525 - Closing prepared statement [com.mysql.jdbc.JDBC4PreparedStatement@78aa1f72: insert into message (TEXT) values ('Hello World with Hibernate & JPA Annotations')]
15:04:25,828 TRACE JdbcCoordinatorImpl:278 - Starting after statement execution processing [ON_CLOSE]
15:04:25,831 TRACE UnresolvedEntityInsertActions:213 - No unresolved entity inserts that depended on [[entity.Message#5]]
15:04:25,831 TRACE UnresolvedEntityInsertActions:122 - No entity insert actions have non-nullable, transient entity dependencies.
15:04:25,832 DEBUG AbstractTransactionImpl:175 - committing
15:04:25,832 TRACE SessionImpl:424 - Automatically flushing session
15:04:25,832 TRACE AbstractFlushingEventListener:84 - Flushing session
15:04:25,833 DEBUG AbstractFlushingEventListener:149 - Processing flush-time cascades
15:04:25,834 DEBUG AbstractFlushingEventListener:189 - Dirty checking collections
15:04:25,834 TRACE AbstractFlushingEventListener:204 - Flushing entities and processing referenced collections
15:04:25,836 TRACE AbstractFlushingEventListener:247 - Processing unreferenced collections
15:04:25,836 TRACE AbstractFlushingEventListener:264 - Scheduling collection removes/(re)creates/updates
15:04:25,837 DEBUG AbstractFlushingEventListener:123 - Flushed: 0 insertions, 0 updates, 0 deletions to 1 objects
15:04:25,837 DEBUG AbstractFlushingEventListener:130 - Flushed: 0 (re)creations, 0 updates, 0 removals to 0 collections
15:04:25,838 DEBUG EntityPrinter:114 - Listing entities:
15:04:25,839 DEBUG EntityPrinter:121 - entity.Message{id=5, text=Hello World with Hibernate & JPA Annotations}
15:04:25,840 TRACE AbstractFlushingEventListener:338 - Executing flush
15:04:25,840 TRACE JdbcCoordinatorImpl:278 - Starting after statement execution processing [ON_CLOSE]
15:04:25,840 TRACE AbstractFlushingEventListener:370 - Post flush
15:04:25,840 TRACE SessionImpl:515 - before transaction completion
15:04:25,859 DEBUG JdbcTransaction:113 - committed JDBC Connection
15:04:25,859 TRACE TransactionCoordinatorImpl:139 - after transaction completion
15:04:25,859 TRACE SessionImpl:527 - after transaction completion
15:04:25,860 TRACE SessionImpl:357 - Closing session
15:04:25,860 TRACE JdbcCoordinatorImpl:199 - Closing JDBC container [org.hibernate.engine.jdbc.internal.JdbcCoordinatorImpl@5a9f4771]
15:04:25,860 TRACE LogicalConnectionImpl:178 - Closing logical connection
15:04:25,860 DEBUG LogicalConnectionImpl:246 - Releasing JDBC connection
15:04:25,860 DEBUG LogicalConnectionImpl:264 - Released JDBC connection
15:04:25,860 TRACE LogicalConnectionImpl:190 - Logical connection closed
15:04:55,103 DEBUG DriverManagerConnectionProviderImpl:120 - Connection pool now considered primed; min-size will be maintained
